# JRE version: Java(TM) SE Runtime Environment (8.0_101-b13) (build 1.8.0_101-b13)
# Java VM: Java HotSpot(TM) 64-Bit Server VM (25.101-b13 mixed mode windows-amd64 compressed oops)
Heap:
 PSYoungGen      total 654848K, used 206636K [0x00000000d5980000, 0x0000000100000000, 0x0000000100000000)
  eden space 617984K, 33% used [0x00000000d5980000,0x00000000e234b160,0x00000000fb500000)
  from space 36864K, 0% used [0x00000000fb500000,0x00000000fb500000,0x00000000fd900000)
  to   space 39936K, 0% used [0x00000000fd900000,0x00000000fd900000,0x0000000100000000)
 ParOldGen       total 243200K, used 104988K [0x0000000080c00000, 0x000000008f980000, 0x00000000d5980000)
  object space 243200K, 43% used [0x0000000080c00000,0x0000000087287360,0x000000008f980000)
 Metaspace       used 105146K, capacity 108606K, committed 108796K, reserved 1144832K
  class space    used 12739K, capacity 13257K, committed 13312K, reserved 1048576K
GC Heap History (10 events):
Event: 34.788 GC heap before
{Heap before GC invocations=25 (full 3):
 PSYoungGen      total 671232K, used 660332K [0x00000000d5980000, 0x0000000100000000, 0x0000000100000000)
  eden space 647680K, 100% used [0x00000000d5980000,0x00000000fd200000,0x00000000fd200000)
  from space 23552K, 53% used [0x00000000fd200000,0x00000000fde5b010,0x00000000fe900000)
  to   space 23552K, 0% used [0x00000000fe900000,0x00000000fe900000,0x0000000100000000)
 ParOldGen       total 158720K, used 56631K [0x0000000080c00000, 0x000000008a700000, 0x00000000d5980000)
  object space 158720K, 35% used [0x0000000080c00000,0x000000008434dec0,0x000000008a700000)
 Metaspace       used 66070K, capacity 67232K, committed 67324K, reserved 1107968K
  class space    used 7913K, capacity 8145K, committed 8192K, reserved 1048576K
Event: 34.822 GC heap after
Heap after GC invocations=25 (full 3):
 PSYoungGen      total 668160K, used 17602K [0x00000000d5980000, 0x0000000100000000, 0x0000000100000000)
  eden space 644608K, 0% used [0x00000000d5980000,0x00000000d5980000,0x00000000fcf00000)
  from space 23552K, 74% used [0x00000000fe900000,0x00000000ffa30bf8,0x0000000100000000)
  to   space 25088K, 0% used [0x00000000fcf00000,0x00000000fcf00000,0x00000000fe780000)
 ParOldGen       total 158720K, used 56639K [0x0000000080c00000, 0x000000008a700000, 0x00000000d5980000)
  object space 158720K, 35% used [0x0000000080c00000,0x000000008434fec0,0x000000008a700000)
 Metaspace       used 66070K, capacity 67232K, committed 67324K, reserved 1107968K
  class space    used 7913K, capacity 8145K, committed 8192K, reserved 1048576K
}
Event: 40.783 GC heap before
{Heap before GC invocations=26 (full 3):
 PSYoungGen      total 668160K, used 662210K [0x00000000d5980000, 0x0000000100000000, 0x0000000100000000)
  eden space 644608K, 100% used [0x00000000d5980000,0x00000000fcf00000,0x00000000fcf00000)
  from space 23552K, 74% used [0x00000000fe900000,0x00000000ffa30bf8,0x0000000100000000)
  to   space 25088K, 0% used [0x00000000fcf00000,0x00000000fcf00000,0x00000000fe780000)
 ParOldGen       total 158720K, used 56639K [0x0000000080c00000, 0x000000008a700000, 0x00000000d5980000)
  object space 158720K, 35% used [0x0000000080c00000,0x000000008434fec0,0x000000008a700000)
 Metaspace       used 69121K, capacity 70298K, committed 70524K, reserved 1112064K
  class space    used 8288K, capacity 8512K, committed 8576K, reserved 1048576K
Event: 40.809 GC heap after
Heap after GC invocations=26 (full 3):
 PSYoungGen      total 669696K, used 24595K [0x00000000d5980000, 0x0000000100000000, 0x0000000100000000)
  eden space 644608K, 0% used [0x00000000d5980000,0x00000000d5980000,0x00000000fcf00000)
  from space 25088K, 98% used [0x00000000fcf00000,0x00000000fe704ec0,0x00000000fe780000)
  to   space 25088K, 0% used [0x00000000fe780000,0x00000000fe780000,0x0000000100000000)
 ParOldGen       total 158720K, used 56647K [0x0000000080c00000, 0x000000008a700000, 0x00000000d5980000)
  object space 158720K, 35% used [0x0000000080c00000,0x0000000084351ec0,0x000000008a700000)
 Metaspace       used 69121K, capacity 70298K, committed 70524K, reserved 1112064K
  class space    used 8288K, capacity 8512K, committed 8576K, reserved 1048576K
}
Event: 277.086 GC heap before
{Heap before GC invocations=27 (full 3):
 PSYoungGen      total 669696K, used 669203K [0x00000000d5980000, 0x0000000100000000, 0x0000000100000000)
  eden space 644608K, 100% used [0x00000000d5980000,0x00000000fcf00000,0x00000000fcf00000)
  from space 25088K, 98% used [0x00000000fcf00000,0x00000000fe704ec0,0x00000000fe780000)
  to   space 25088K, 0% used [0x00000000fe780000,0x00000000fe780000,0x0000000100000000)
 ParOldGen       total 158720K, used 56647K [0x0000000080c00000, 0x000000008a700000, 0x00000000d5980000)
  object space 158720K, 35% used [0x0000000080c00000,0x0000000084351ec0,0x000000008a700000)
 Metaspace       used 82534K, capacity 85952K, committed 86268K, reserved 1124352K
  class space    used 10224K, capacity 10719K, committed 10752K, reserved 1048576K
Event: 277.200 GC heap after
Heap after GC invocations=27 (full 3):
 PSYoungGen      total 643072K, used 25066K [0x00000000d5980000, 0x0000000100000000, 0x0000000100000000)
  eden space 617984K, 0% used [0x00000000d5980000,0x00000000d5980000,0x00000000fb500000)
  from space 25088K, 99% used [0x00000000fe780000,0x00000000ffffa8d8,0x0000000100000000)
  to   space 38400K, 0% used [0x00000000fb500000,0x00000000fb500000,0x00000000fda80000)
 ParOldGen       total 158720K, used 74027K [0x0000000080c00000, 0x000000008a700000, 0x00000000d5980000)
  object space 158720K, 46% used [0x0000000080c00000,0x000000008544acb0,0x000000008a700000)
 Metaspace       used 82534K, capacity 85952K, committed 86268K, reserved 1124352K
  class space    used 10224K, capacity 10719K, committed 10752K, reserved 1048576K
}
Event: 281.433 GC heap before
{Heap before GC invocations=28 (full 3):
 PSYoungGen      total 643072K, used 411988K [0x00000000d5980000, 0x0000000100000000, 0x0000000100000000)
  eden space 617984K, 62% used [0x00000000d5980000,0x00000000ed35a9d0,0x00000000fb500000)
  from space 25088K, 99% used [0x00000000fe780000,0x00000000ffffa8d8,0x0000000100000000)
  to   space 38400K, 0% used [0x00000000fb500000,0x00000000fb500000,0x00000000fda80000)
 ParOldGen       total 158720K, used 74027K [0x0000000080c00000, 0x000000008a700000, 0x00000000d5980000)
  object space 158720K, 46% used [0x0000000080c00000,0x000000008544acb0,0x000000008a700000)
 Metaspace       used 96542K, capacity 99948K, committed 100092K, reserved 1136640K
  class space    used 11941K, capacity 12432K, committed 12544K, reserved 1048576K
Event: 281.466 GC heap after
Heap after GC invocations=28 (full 3):
 PSYoungGen      total 654848K, used 36353K [0x00000000d5980000, 0x0000000100000000, 0x0000000100000000)
  eden space 617984K, 0% used [0x00000000d5980000,0x00000000d5980000,0x00000000fb500000)
  from space 36864K, 98% used [0x00000000fb500000,0x00000000fd880448,0x00000000fd900000)
  to   space 39936K, 0% used [0x00000000fd900000,0x00000000fd900000,0x0000000100000000)
 ParOldGen       total 158720K, used 81683K [0x0000000080c00000, 0x000000008a700000, 0x00000000d5980000)
  object space 158720K, 51% used [0x0000000080c00000,0x0000000085bc4d10,0x000000008a700000)
 Metaspace       used 96542K, capacity 99948K, committed 100092K, reserved 1136640K
  class space    used 11941K, capacity 12432K, committed 12544K, reserved 1048576K
}
Event: 281.488 GC heap before
{Heap before GC invocations=29 (full 4):
 PSYoungGen      total 654848K, used 36353K [0x00000000d5980000, 0x0000000100000000, 0x0000000100000000)
  eden space 617984K, 0% used [0x00000000d5980000,0x00000000d5980000,0x00000000fb500000)
  from space 36864K, 98% used [0x00000000fb500000,0x00000000fd880448,0x00000000fd900000)
  to   space 39936K, 0% used [0x00000000fd900000,0x00000000fd900000,0x0000000100000000)
 ParOldGen       total 158720K, used 81683K [0x0000000080c00000, 0x000000008a700000, 0x00000000d5980000)
  object space 158720K, 51% used [0x0000000080c00000,0x0000000085bc4d10,0x000000008a700000)
 Metaspace       used 96542K, capacity 99948K, committed 100092K, reserved 1136640K
  class space    used 11941K, capacity 12432K, committed 12544K, reserved 1048576K
Event: 281.899 GC heap after
Heap after GC invocations=29 (full 4):
 PSYoungGen      total 654848K, used 0K [0x00000000d5980000, 0x0000000100000000, 0x0000000100000000)
  eden space 617984K, 0% used [0x00000000d5980000,0x00000000d5980000,0x00000000fb500000)
  from space 36864K, 0% used [0x00000000fb500000,0x00000000fb500000,0x00000000fd900000)
  to   space 39936K, 0% used [0x00000000fd900000,0x00000000fd900000,0x0000000100000000)
 ParOldGen       total 243200K, used 104988K [0x0000000080c00000, 0x000000008f980000, 0x00000000d5980000)
  object space 243200K, 43% used [0x0000000080c00000,0x0000000087287360,0x000000008f980000)
 Metaspace       used 96530K, capacity 99918K, committed 100092K, reserved 1136640K
  class space    used 11937K, capacity 12425K, committed 12544K, reserved 1048576K
}

