<?xml version="1.0" encoding="UTF-8"?>
<testsuite name="com.thinvent.basicpf.CompanyHandlerTest" time="0.3" tests="6" errors="0" skipped="0" failures="0">
  <properties>
[...]
</properties>
  <testcase name="testDeleteCompany" classname="com.thinvent.basicpf.CompanyHandlerTest" time="0.051"/>
  <testcase name="testListAllCompany" classname="com.thinvent.basicpf.CompanyHandlerTest" time="0.043"/>
  <testcase name="testFindComByComId" classname="com.thinvent.basicpf.CompanyHandlerTest" time="0.046"/>
  <testcase name="testListAllCompanyByEnable" classname="com.thinvent.basicpf.CompanyHandlerTest" time="0.05"/>
  <testcase name="testQueryByCondition" classname="com.thinvent.basicpf.CompanyHandlerTest" time="0.054"/>
  <testcase name="testAddCompany" classname="com.thinvent.basicpf.CompanyHandlerTest" time="0.056"/>
</testsuite>